<?xml version="1.0" encoding="UTF-8" ?>
<testsuite tests="7" failures="0" name="com.lizhehui.common.test.StringUtilTest" time="0.001" errors="0" skipped="0">
  <properties>
[...]
</properties>
  <testcase classname="com.lizhehui.common.test.StringUtilTest" name="testRandomChineseStringGBK" time="0"/>
  <testcase classname="com.lizhehui.common.test.StringUtilTest" name="testGenerateChineseName" time="0.001"/>
  <testcase classname="com.lizhehui.common.test.StringUtilTest" name="testRandomChineseString" time="0"/>
  <testcase classname="com.lizhehui.common.test.StringUtilTest" name="testToUniqueTerm" time="0"/>
  <testcase classname="com.lizhehui.common.test.StringUtilTest" name="testHasLength" time="0"/>
  <testcase classname="com.lizhehui.common.test.StringUtilTest" name="testHasText" time="0"/>
  <testcase classname="com.lizhehui.common.test.StringUtilTest" name="testGetDateSection" time="0"/>
</testsuite>